<?xml version="1.0" encoding="UTF-8"?>
<Site BuildName="Linux-c++"
	BuildStamp="20210331-1733-Experimental"
	Name="zachary-Blade"
	Generator="ctest-3.16.3"
	CompilerName="/usr/bin/c++"
	CompilerVersion="9.3.0"
	OSName="Linux"
	Hostname="zachary-Blade"
	OSRelease="5.8.0-45-generic"
	OSVersion="#51~20.04.1-Ubuntu SMP Tue Feb 23 13:46:31 UTC 2021"
	OSPlatform="x86_64"
	Is64Bits="1"
	VendorString="GenuineIntel"
	VendorID="Intel Corporation"
	FamilyID="6"
	ModelID="158"
	ProcessorCacheSize="6144"
	NumberOfLogicalCPU="8"
	NumberOfPhysicalCPU="4"
	TotalVirtualMemory="1052"
	TotalPhysicalMemory="15905"
	LogicalProcessorsPerPhysical="2"
	ProcessorClockFrequency="3446.78"
	>
	<Coverage>
		<StartDateTime>Mar 31 13:41 EDT</StartDateTime>
		<StartTime>1617212507</StartTime>
		<LOCTested>0</LOCTested>
		<LOCUntested>0</LOCUntested>
		<LOC>0</LOC>
		<PercentCoverage>0.00</PercentCoverage>
		<EndDateTime>Mar 31 13:41 EDT</EndDateTime>
		<EndTime>1617212508</EndTime>
		<ElapsedMinutes>0</ElapsedMinutes>
	</Coverage>
</Site>
